<?xml version="1.0" encoding="UTF-8"?>
<!-- Generated by org.testng.reporters.JUnitXMLReporter -->
<testsuite ignored="0" hostname="Abhisheks-MacBook-Pro.local" failures="1" tests="1" name="Test" time="10.871" errors="0" timestamp="2020-05-05T01:27:27 EDT">
  <testcase classname="com.Abhishek.app.ReddifLogin" name="basePage" time="10.821">
    <failure type="java.lang.AssertionError" message="expected [true] but found [false]">
      <![CDATA[java.lang.AssertionError: expected [true] but found [false]
at com.Abhishek.app.ReddifLogin.basePage(ReddifLogin.java:38)
at java.base/java.util.ArrayList.forEach(ArrayList.java:1540)
... Removed 35 stack frames]]>
    </failure>
  </testcase> <!-- basePage -->
</testsuite> <!-- Test -->
