-------------------------------------------------------------------------------
Test set: TestSuite
-------------------------------------------------------------------------------
Tests run: 1, Failures: 1, Errors: 0, Skipped: 0, Time elapsed: 11.487 s <<< FAILURE! - in TestSuite
com.Abhishek.app.ReddifLogin.basePage  Time elapsed: 10.832 s  <<< FAILURE!
java.lang.AssertionError: expected [true] but found [false]
	at com.Abhishek.app.ReddifLogin.basePage(ReddifLogin.java:38)

