<?xml version="1.0" encoding="UTF-8"?>
<testsuite xmlns:xsi="http://www.w3.org/2001/XMLSchema-instance" xsi:noNamespaceSchemaLocation="https://maven.apache.org/surefire/maven-surefire-plugin/xsd/surefire-test-report-3.0.xsd" version="3.0" name="TestSuite" time="11.487" tests="1" errors="0" skipped="0" failures="1">
  <properties>
[...]
</properties>
  <testcase name="basePage" classname="com.Abhishek.app.ReddifLogin" time="10.832">
    <failure message="expected [true] but found [false]" type="java.lang.AssertionError"><![CDATA[java.lang.AssertionError: expected [true] but found [false]
	at com.Abhishek.app.ReddifLogin.basePage(ReddifLogin.java:38)
]]></failure>
    <system-out><![CDATA[Hello
]]></system-out>
    <system-err><![CDATA[Starting ChromeDriver 80.0.3987.106 (f68069574609230cf9b635cd784cfb1bf81bb53a-refs/branch-heads/3987@{#882}) on port 21865
Only local connections are allowed.
Please protect ports used by ChromeDriver and related test frameworks to prevent access by malicious code.
[1588656439.087][WARNING]: This version of ChromeDriver has not been tested with Chrome version 81.
May 05, 2020 1:27:19 A.M. org.openqa.selenium.remote.ProtocolHandshake createSession
INFO: Detected dialect: W3C
[1588656441.514][SEVERE]: Timed out receiving message from renderer: 0.100
[1588656441.618][SEVERE]: Timed out receiving message from renderer: 0.100
[1588656441.811][SEVERE]: Timed out receiving message from renderer: 0.100
[1588656442.657][SEVERE]: Timed out receiving message from renderer: 0.100
]]></system-err>
  </testcase>
</testsuite>